mode: set
github.com/abram213/coursera/hw4_test_coverage/client.go:67.80,71.19 2 1
github.com/abram213/coursera/hw4_test_coverage/client.go:74.2,74.20 1 1
github.com/abram213/coursera/hw4_test_coverage/client.go:77.2,77.20 1 1
github.com/abram213/coursera/hw4_test_coverage/client.go:82.2,94.16 10 1
github.com/abram213/coursera/hw4_test_coverage/client.go:100.2,103.25 3 1
github.com/abram213/coursera/hw4_test_coverage/client.go:120.2,122.16 3 1
github.com/abram213/coursera/hw4_test_coverage/client.go:126.2,127.28 2 1
github.com/abram213/coursera/hw4_test_coverage/client.go:134.2,134.21 1 1
github.com/abram213/coursera/hw4_test_coverage/client.go:71.19,73.3 1 1
github.com/abram213/coursera/hw4_test_coverage/client.go:74.20,76.3 1 1
github.com/abram213/coursera/hw4_test_coverage/client.go:77.20,79.3 1 1
github.com/abram213/coursera/hw4_test_coverage/client.go:94.16,95.54 1 1
github.com/abram213/coursera/hw4_test_coverage/client.go:98.3,98.50 1 1
github.com/abram213/coursera/hw4_test_coverage/client.go:95.54,97.4 1 1
github.com/abram213/coursera/hw4_test_coverage/client.go:104.31,105.44 1 1
github.com/abram213/coursera/hw4_test_coverage/client.go:106.38,107.53 1 1
github.com/abram213/coursera/hw4_test_coverage/client.go:108.29,111.17 3 1
github.com/abram213/coursera/hw4_test_coverage/client.go:114.3,114.44 1 1
github.com/abram213/coursera/hw4_test_coverage/client.go:117.3,117.73 1 1
github.com/abram213/coursera/hw4_test_coverage/client.go:111.17,113.4 1 1
github.com/abram213/coursera/hw4_test_coverage/client.go:114.44,116.4 1 1
github.com/abram213/coursera/hw4_test_coverage/client.go:122.16,124.3 1 1
github.com/abram213/coursera/hw4_test_coverage/client.go:127.28,130.3 2 1
github.com/abram213/coursera/hw4_test_coverage/client.go:130.8,132.3 1 1
github.com/abram213/coursera/hw4_test_coverage/util.go:13.69,14.17 1 1
github.com/abram213/coursera/hw4_test_coverage/util.go:46.2,46.14 1 1
github.com/abram213/coursera/hw4_test_coverage/util.go:15.18,16.21 1 0
github.com/abram213/coursera/hw4_test_coverage/util.go:30.19,31.21 1 0
github.com/abram213/coursera/hw4_test_coverage/util.go:17.15,18.42 1 0
github.com/abram213/coursera/hw4_test_coverage/util.go:21.13,22.42 1 0
github.com/abram213/coursera/hw4_test_coverage/util.go:25.14,26.42 1 0
github.com/abram213/coursera/hw4_test_coverage/util.go:18.42,20.5 1 0
github.com/abram213/coursera/hw4_test_coverage/util.go:22.42,24.5 1 0
github.com/abram213/coursera/hw4_test_coverage/util.go:26.42,28.5 1 0
github.com/abram213/coursera/hw4_test_coverage/util.go:32.15,33.42 1 0
github.com/abram213/coursera/hw4_test_coverage/util.go:36.13,37.42 1 0
github.com/abram213/coursera/hw4_test_coverage/util.go:40.14,41.42 1 0
github.com/abram213/coursera/hw4_test_coverage/util.go:33.42,35.5 1 0
github.com/abram213/coursera/hw4_test_coverage/util.go:37.42,39.5 1 0
github.com/abram213/coursera/hw4_test_coverage/util.go:41.42,43.5 1 0
github.com/abram213/coursera/hw4_test_coverage/util.go:58.48,60.16 2 1
github.com/abram213/coursera/hw4_test_coverage/util.go:63.2,69.6 6 1
github.com/abram213/coursera/hw4_test_coverage/util.go:96.2,96.19 1 1
github.com/abram213/coursera/hw4_test_coverage/util.go:60.16,62.3 1 0
github.com/abram213/coursera/hw4_test_coverage/util.go:69.6,71.44 2 1
github.com/abram213/coursera/hw4_test_coverage/util.go:77.3,77.17 1 1
github.com/abram213/coursera/hw4_test_coverage/util.go:80.3,80.28 1 1
github.com/abram213/coursera/hw4_test_coverage/util.go:71.44,73.9 2 0
github.com/abram213/coursera/hw4_test_coverage/util.go:74.9,74.32 1 1
github.com/abram213/coursera/hw4_test_coverage/util.go:74.32,75.9 1 1
github.com/abram213/coursera/hw4_test_coverage/util.go:77.17,79.4 1 0
github.com/abram213/coursera/hw4_test_coverage/util.go:81.25,82.31 1 1
github.com/abram213/coursera/hw4_test_coverage/util.go:82.31,83.62 1 1
github.com/abram213/coursera/hw4_test_coverage/util.go:86.5,92.7 1 1
github.com/abram213/coursera/hw4_test_coverage/util.go:83.62,85.6 1 0
